2025-09-17 12:21:23 INFO  com.join.tab.HangmanWebApplication - Starting HangmanWebApplication using Java 24 with PID 71877 (/Users/plarium/_on/dev/hangman-web/target/classes started by plarium in /Users/plarium/_on/dev/hangman-web)
2025-09-17 12:21:23 DEBUG com.join.tab.HangmanWebApplication - Running with Spring Boot v3.5.5, Spring v6.2.10
2025-09-17 12:21:23 INFO  com.join.tab.HangmanWebApplication - No active profile set, falling back to 1 default profile: "default"
2025-09-17 12:21:23 INFO  o.s.b.d.e.DevToolsPropertyDefaultsPostProcessor - Devtools property defaults active! Set 'spring.devtools.add-properties' to 'false' to disable
2025-09-17 12:21:23 INFO  o.s.b.d.e.DevToolsPropertyDefaultsPostProcessor - For additional web related logging consider setting the 'logging.level.web' property to 'DEBUG'
2025-09-17 12:21:23 INFO  o.s.d.r.c.RepositoryConfigurationDelegate - Bootstrapping Spring Data JPA repositories in DEFAULT mode.
2025-09-17 12:21:23 INFO  o.s.d.r.c.RepositoryConfigurationDelegate - Finished Spring Data repository scanning in 21 ms. Found 1 JPA repository interface.
2025-09-17 12:21:23 INFO  o.s.b.w.e.tomcat.TomcatWebServer - Tomcat initialized with port 8081 (http)
2025-09-17 12:21:23 INFO  o.a.catalina.core.StandardService - Starting service [Tomcat]
2025-09-17 12:21:23 INFO  o.a.catalina.core.StandardEngine - Starting Servlet engine: [Apache Tomcat/10.1.44]
2025-09-17 12:21:23 INFO  o.a.c.c.C.[Tomcat].[localhost].[/] - Initializing Spring embedded WebApplicationContext
2025-09-17 12:21:23 INFO  o.s.b.w.s.c.ServletWebServerApplicationContext - Root WebApplicationContext: initialization completed in 531 ms
2025-09-17 12:21:24 INFO  o.h.jpa.internal.util.LogHelper - HHH000204: Processing PersistenceUnitInfo [name: default]
2025-09-17 12:21:24 INFO  org.hibernate.Version - HHH000412: Hibernate ORM core version 6.6.26.Final
2025-09-17 12:21:24 INFO  o.h.c.i.RegionFactoryInitiator - HHH000026: Second-level cache disabled
2025-09-17 12:21:24 INFO  o.s.o.j.p.SpringPersistenceUnitInfo - No LoadTimeWeaver setup: ignoring JPA class transformer
2025-09-17 12:21:24 INFO  com.zaxxer.hikari.HikariDataSource - HikariPool-1 - Starting...
2025-09-17 12:21:24 INFO  com.zaxxer.hikari.pool.HikariPool - HikariPool-1 - Added connection org.postgresql.jdbc.PgConnection@3d20d1d
2025-09-17 12:21:24 INFO  com.zaxxer.hikari.HikariDataSource - HikariPool-1 - Start completed.
2025-09-17 12:21:24 WARN  org.hibernate.orm.deprecation - HHH90000025: PostgreSQLDialect does not need to be specified explicitly using 'hibernate.dialect' (remove the property setting and it will be selected by default)
2025-09-17 12:21:24 INFO  o.hibernate.orm.connections.pooling - HHH10001005: Database info:
	Database JDBC URL [Connecting through datasource 'HikariDataSource (HikariPool-1)']
	Database driver: undefined/unknown
	Database version: 15.13
	Autocommit mode: undefined/unknown
	Isolation level: undefined/unknown
	Minimum pool size: undefined/unknown
	Maximum pool size: undefined/unknown
2025-09-17 12:21:24 INFO  o.h.e.t.j.p.i.JtaPlatformInitiator - HHH000489: No JTA platform available (set 'hibernate.transaction.jta.platform' to enable JTA platform integration)
2025-09-17 12:21:24 INFO  o.s.o.j.LocalContainerEntityManagerFactoryBean - Initialized JPA EntityManagerFactory for persistence unit 'default'
2025-09-17 12:21:24 INFO  o.s.d.j.r.query.QueryEnhancerFactory - Hibernate is in classpath; If applicable, HQL parser will be used.
2025-09-17 12:21:25 WARN  o.s.b.a.o.j.JpaBaseConfiguration$JpaWebConfiguration - spring.jpa.open-in-view is enabled by default. Therefore, database queries may be performed during view rendering. Explicitly configure spring.jpa.open-in-view to disable this warning
2025-09-17 12:21:25 INFO  o.s.b.a.w.s.WelcomePageHandlerMapping - Adding welcome page template: index
2025-09-17 12:21:25 INFO  o.s.b.d.a.OptionalLiveReloadServer - LiveReload server is running on port 35729
2025-09-17 12:21:25 INFO  o.s.b.w.e.tomcat.TomcatWebServer - Tomcat started on port 8081 (http) with context path '/'
2025-09-17 12:21:25 INFO  com.join.tab.HangmanWebApplication - Started HangmanWebApplication in 2.064 seconds (process running for 2.228)
2025-09-17 12:21:25 DEBUG org.hibernate.SQL - select count(we1_0.id) from words we1_0 where we1_0.is_active
2025-09-17 12:21:25 DEBUG org.hibernate.SQL - select count(we1_0.id) from words we1_0 where we1_0.is_active
2025-09-17 12:21:25 INFO  c.j.t.i.service.WordLoadersService - Words already exists in database : 107 active words
2025-09-17 12:21:31 INFO  o.a.c.c.C.[Tomcat].[localhost].[/] - Initializing Spring DispatcherServlet 'dispatcherServlet'
2025-09-17 12:21:31 INFO  o.s.web.servlet.DispatcherServlet - Initializing Servlet 'dispatcherServlet'
2025-09-17 12:21:31 INFO  o.s.web.servlet.DispatcherServlet - Completed initialization in 2 ms
2025-09-17 12:21:31 INFO  c.join.tab.controller.HomeController - Initial home page
2025-09-17 12:21:31 DEBUG org.hibernate.SQL - SELECT * FROM words WHERE is_active = true ORDER BY RANDOM() LIMIT 1
2025-09-17 12:21:32 DEBUG org.hibernate.SQL - SELECT * FROM words WHERE is_active = true ORDER BY RANDOM() LIMIT 1
2025-09-17 12:22:42 INFO  o.s.b.w.e.tomcat.GracefulShutdown - Commencing graceful shutdown. Waiting for active requests to complete
2025-09-17 12:22:42 INFO  o.s.b.w.e.tomcat.GracefulShutdown - Graceful shutdown complete
2025-09-17 12:22:42 INFO  o.s.o.j.LocalContainerEntityManagerFactoryBean - Closing JPA EntityManagerFactory for persistence unit 'default'
2025-09-17 12:22:42 INFO  com.zaxxer.hikari.HikariDataSource - HikariPool-1 - Shutdown initiated...
2025-09-17 12:22:42 INFO  com.zaxxer.hikari.HikariDataSource - HikariPool-1 - Shutdown completed.
